System update and upgrade log: Mon Nov 11 02:49:33 AM IST 2024
Linux imasov 6.8.0-47-generic #47-Ubuntu SMP PREEMPT_DYNAMIC Fri Sep 27 21:40:26 UTC 2024 x86_64 x86_64 x86_64 GNU/Linux
6.8.0-47-generic
up 43 minutes
Hit:1 http://archive.ubuntu.com/ubuntu noble InRelease
Hit:2 http://security.ubuntu.com/ubuntu noble-security InRelease
Hit:3 http://archive.ubuntu.com/ubuntu noble-updates InRelease
Hit:4 http://archive.ubuntu.com/ubuntu noble-security InRelease
Hit:5 https://esm.ubuntu.com/apps/ubuntu noble-apps-security InRelease
Hit:6 https://esm.ubuntu.com/apps/ubuntu noble-apps-updates InRelease
Hit:7 https://esm.ubuntu.com/infra/ubuntu noble-infra-security InRelease
Hit:8 https://esm.ubuntu.com/infra/ubuntu noble-infra-updates InRelease
Reading package lists...
Listing...
python3-distupgrade/noble-updates 1:24.04.23 all [upgradable from: 1:24.04.22]
ubuntu-release-upgrader-core/noble-updates 1:24.04.23 all [upgradable from: 1:24.04.22]
ubuntu-release-upgrader-gtk/noble-updates 1:24.04.23 all [upgradable from: 1:24.04.22]
Reading package lists...
Building dependency tree...
Reading state information...
Calculating upgrade...
The following upgrades have been deferred due to phasing:
  python3-distupgrade ubuntu-release-upgrader-core ubuntu-release-upgrader-gtk
0 upgraded, 0 newly installed, 0 to remove and 3 not upgraded.
Reading package lists...
Building dependency tree...
Reading state information...
Calculating upgrade...
The following upgrades have been deferred due to phasing:
  python3-distupgrade ubuntu-release-upgrader-core ubuntu-release-upgrader-gtk
0 upgraded, 0 newly installed, 0 to remove and 3 not upgraded.
Reading package lists...
Building dependency tree...
Reading state information...
0 upgraded, 0 newly installed, 0 to remove and 3 not upgraded.
-----------------------------------------
